2025-02-17 15:19:24,285 [background-preinit] INFO  o.h.validator.internal.util.Version - HV000001: Hibernate Validator 8.0.0.Final
2025-02-17 15:19:24,527 [main] INFO  c.e.i.InsuranceCalculatorApplication - Starting InsuranceCalculatorApplication using Java 21.0.5 with PID 15236 (D:\Leva\Program\repos\Insurance_Calculator\build\classes\java\main started by User in D:\Leva\Program\repos\Insurance_Calculator)
2025-02-17 15:19:24,527 [main] INFO  c.e.i.InsuranceCalculatorApplication - The following 1 profile is active: "local"
2025-02-17 15:19:27,506 [main] INFO  o.s.d.r.c.RepositoryConfigurationDelegate - Bootstrapping Spring Data JPA repositories in DEFAULT mode.
2025-02-17 15:19:27,900 [main] INFO  o.s.d.r.c.RepositoryConfigurationDelegate - Finished Spring Data repository scanning in 341 ms. Found 16 JPA repository interfaces.
2025-02-17 15:19:29,264 [main] INFO  o.s.b.w.e.tomcat.TomcatWebServer - Tomcat initialized with port 8080 (http)
2025-02-17 15:19:29,284 [main] INFO  o.a.coyote.http11.Http11NioProtocol - Initializing ProtocolHandler ["http-nio-8080"]
2025-02-17 15:19:29,284 [main] INFO  o.a.catalina.core.StandardService - Starting service [Tomcat]
2025-02-17 15:19:29,284 [main] INFO  o.a.catalina.core.StandardEngine - Starting Servlet engine: [Apache Tomcat/10.1.34]
2025-02-17 15:19:29,347 [main] INFO  o.a.c.c.C.[Tomcat].[localhost].[/] - Initializing Spring embedded WebApplicationContext
2025-02-17 15:19:29,347 [main] INFO  o.s.b.w.s.c.ServletWebServerApplicationContext - Root WebApplicationContext: initialization completed in 4660 ms
2025-02-17 15:19:29,500 [main] INFO  com.zaxxer.hikari.HikariDataSource - HikariPool-1 - Starting...
2025-02-17 15:19:30,638 [main] WARN  o.s.b.w.s.c.AnnotationConfigServletWebServerApplicationContext - Exception encountered during context initialization - cancelling refresh attempt: org.springframework.beans.factory.BeanCreationException: Error creating bean with name 'entityManagerFactory' defined in class path resource [org/springframework/boot/autoconfigure/orm/jpa/HibernateJpaConfiguration.class]: Failed to initialize dependency 'liquibase' of LoadTimeWeaverAware bean 'entityManagerFactory': Error creating bean with name 'liquibase' defined in class path resource [org/springframework/boot/autoconfigure/liquibase/LiquibaseAutoConfiguration$LiquibaseConfiguration.class]: com.mysql.cj.jdbc.exceptions.CommunicationsException: Communications link failure

The last packet sent successfully to the server was 0 milliseconds ago. The driver has not received any packets from the server.
2025-02-17 15:19:30,638 [main] INFO  o.a.catalina.core.StandardService - Stopping service [Tomcat]
2025-02-17 15:19:30,669 [main] INFO  o.s.b.a.l.ConditionEvaluationReportLogger - 

Error starting ApplicationContext. To display the condition evaluation report re-run your application with 'debug' enabled.
2025-02-17 15:19:30,697 [main] ERROR o.s.boot.SpringApplication - Application run failed
org.springframework.beans.factory.BeanCreationException: Error creating bean with name 'entityManagerFactory' defined in class path resource [org/springframework/boot/autoconfigure/orm/jpa/HibernateJpaConfiguration.class]: Failed to initialize dependency 'liquibase' of LoadTimeWeaverAware bean 'entityManagerFactory': Error creating bean with name 'liquibase' defined in class path resource [org/springframework/boot/autoconfigure/liquibase/LiquibaseAutoConfiguration$LiquibaseConfiguration.class]: com.mysql.cj.jdbc.exceptions.CommunicationsException: Communications link failure

The last packet sent successfully to the server was 0 milliseconds ago. The driver has not received any packets from the server.
	at org.springframework.beans.factory.support.AbstractBeanFactory.doGetBean(AbstractBeanFactory.java:325)
	at org.springframework.beans.factory.support.AbstractBeanFactory.getBean(AbstractBeanFactory.java:204)
	at org.springframework.context.support.AbstractApplicationContext.finishBeanFactoryInitialization(AbstractApplicationContext.java:970)
	at org.springframework.context.support.AbstractApplicationContext.refresh(AbstractApplicationContext.java:627)
	at org.springframework.boot.web.servlet.context.ServletWebServerApplicationContext.refresh(ServletWebServerApplicationContext.java:146)
	at org.springframework.boot.SpringApplication.refresh(SpringApplication.java:752)
	at org.springframework.boot.SpringApplication.refreshContext(SpringApplication.java:439)
	at org.springframework.boot.SpringApplication.run(SpringApplication.java:318)
	at org.springframework.boot.SpringApplication.run(SpringApplication.java:1361)
	at org.springframework.boot.SpringApplication.run(SpringApplication.java:1350)
	at com.example.insurance_calculator.InsuranceCalculatorApplication.main(InsuranceCalculatorApplication.java:11)
Caused by: org.springframework.beans.factory.BeanCreationException: Error creating bean with name 'liquibase' defined in class path resource [org/springframework/boot/autoconfigure/liquibase/LiquibaseAutoConfiguration$LiquibaseConfiguration.class]: com.mysql.cj.jdbc.exceptions.CommunicationsException: Communications link failure

The last packet sent successfully to the server was 0 milliseconds ago. The driver has not received any packets from the server.
	at org.springframework.beans.factory.support.AbstractAutowireCapableBeanFactory.initializeBean(AbstractAutowireCapableBeanFactory.java:1808)
	at org.springframework.beans.factory.support.AbstractAutowireCapableBeanFactory.doCreateBean(AbstractAutowireCapableBeanFactory.java:601)
	at org.springframework.beans.factory.support.AbstractAutowireCapableBeanFactory.createBean(AbstractAutowireCapableBeanFactory.java:523)
	at org.springframework.beans.factory.support.AbstractBeanFactory.lambda$doGetBean$0(AbstractBeanFactory.java:336)
	at org.springframework.beans.factory.support.DefaultSingletonBeanRegistry.getSingleton(DefaultSingletonBeanRegistry.java:289)
	at org.springframework.beans.factory.support.AbstractBeanFactory.doGetBean(AbstractBeanFactory.java:334)
	at org.springframework.beans.factory.support.AbstractBeanFactory.getBean(AbstractBeanFactory.java:199)
	at org.springframework.beans.factory.support.AbstractBeanFactory.doGetBean(AbstractBeanFactory.java:312)
	... 10 common frames omitted
Caused by: liquibase.exception.DatabaseException: com.mysql.cj.jdbc.exceptions.CommunicationsException: Communications link failure

The last packet sent successfully to the server was 0 milliseconds ago. The driver has not received any packets from the server.
	at liquibase.integration.spring.SpringLiquibase.afterPropertiesSet(SpringLiquibase.java:288)
	at org.springframework.beans.factory.support.AbstractAutowireCapableBeanFactory.invokeInitMethods(AbstractAutowireCapableBeanFactory.java:1855)
	at org.springframework.beans.factory.support.AbstractAutowireCapableBeanFactory.initializeBean(AbstractAutowireCapableBeanFactory.java:1804)
	... 17 common frames omitted
Caused by: com.mysql.cj.jdbc.exceptions.CommunicationsException: Communications link failure

The last packet sent successfully to the server was 0 milliseconds ago. The driver has not received any packets from the server.
	at com.mysql.cj.jdbc.exceptions.SQLError.createCommunicationsException(SQLError.java:174)
	at com.mysql.cj.jdbc.exceptions.SQLExceptionsMapping.translateException(SQLExceptionsMapping.java:64)
	at com.mysql.cj.jdbc.ConnectionImpl.createNewIO(ConnectionImpl.java:836)
	at com.mysql.cj.jdbc.ConnectionImpl.<init>(ConnectionImpl.java:456)
	at com.mysql.cj.jdbc.ConnectionImpl.getInstance(ConnectionImpl.java:246)
	at com.mysql.cj.jdbc.NonRegisteringDriver.connect(NonRegisteringDriver.java:198)
	at com.zaxxer.hikari.util.DriverDataSource.getConnection(DriverDataSource.java:137)
	at com.zaxxer.hikari.pool.PoolBase.newConnection(PoolBase.java:360)
	at com.zaxxer.hikari.pool.PoolBase.newPoolEntry(PoolBase.java:202)
	at com.zaxxer.hikari.pool.HikariPool.createPoolEntry(HikariPool.java:461)
	at com.zaxxer.hikari.pool.HikariPool.checkFailFast(HikariPool.java:550)
	at com.zaxxer.hikari.pool.HikariPool.<init>(HikariPool.java:98)
	at com.zaxxer.hikari.HikariDataSource.getConnection(HikariDataSource.java:111)
	at liquibase.integration.spring.SpringLiquibase.afterPropertiesSet(SpringLiquibase.java:283)
	... 19 common frames omitted
Caused by: com.mysql.cj.exceptions.CJCommunicationsException: Communications link failure

The last packet sent successfully to the server was 0 milliseconds ago. The driver has not received any packets from the server.
	at java.base/jdk.internal.reflect.DirectConstructorHandleAccessor.newInstance(DirectConstructorHandleAccessor.java:62)
	at java.base/java.lang.reflect.Constructor.newInstanceWithCaller(Constructor.java:502)
	at java.base/java.lang.reflect.Constructor.newInstance(Constructor.java:486)
	at com.mysql.cj.exceptions.ExceptionFactory.createException(ExceptionFactory.java:61)
	at com.mysql.cj.exceptions.ExceptionFactory.createException(ExceptionFactory.java:105)
	at com.mysql.cj.exceptions.ExceptionFactory.createException(ExceptionFactory.java:151)
	at com.mysql.cj.exceptions.ExceptionFactory.createCommunicationsException(ExceptionFactory.java:167)
	at com.mysql.cj.protocol.a.NativeSocketConnection.connect(NativeSocketConnection.java:89)
	at com.mysql.cj.NativeSession.connect(NativeSession.java:144)
	at com.mysql.cj.jdbc.ConnectionImpl.connectOneTryOnly(ConnectionImpl.java:956)
	at com.mysql.cj.jdbc.ConnectionImpl.createNewIO(ConnectionImpl.java:826)
	... 30 common frames omitted
Caused by: java.net.ConnectException: Connection refused: getsockopt
	at java.base/sun.nio.ch.Net.pollConnect(Native Method)
	at java.base/sun.nio.ch.Net.pollConnectNow(Net.java:682)
	at java.base/sun.nio.ch.NioSocketImpl.timedFinishConnect(NioSocketImpl.java:542)
	at java.base/sun.nio.ch.NioSocketImpl.connect(NioSocketImpl.java:592)
	at java.base/java.net.SocksSocketImpl.connect(SocksSocketImpl.java:327)
	at java.base/java.net.Socket.connect(Socket.java:751)
	at com.mysql.cj.protocol.StandardSocketFactory.connect(StandardSocketFactory.java:155)
	at com.mysql.cj.protocol.a.NativeSocketConnection.connect(NativeSocketConnection.java:63)
	... 33 common frames omitted
2025-02-17 15:38:37,734 [background-preinit] INFO  o.h.validator.internal.util.Version - HV000001: Hibernate Validator 8.0.0.Final
2025-02-17 15:38:37,828 [main] INFO  c.e.i.InsuranceCalculatorApplication - Starting InsuranceCalculatorApplication using Java 21.0.5 with PID 19848 (D:\Leva\Program\repos\Insurance_Calculator\build\classes\java\main started by User in D:\Leva\Program\repos\Insurance_Calculator)
2025-02-17 15:38:37,828 [main] INFO  c.e.i.InsuranceCalculatorApplication - The following 1 profile is active: "local"
2025-02-17 15:38:39,197 [main] INFO  o.s.d.r.c.RepositoryConfigurationDelegate - Bootstrapping Spring Data JPA repositories in DEFAULT mode.
2025-02-17 15:38:39,392 [main] INFO  o.s.d.r.c.RepositoryConfigurationDelegate - Finished Spring Data repository scanning in 172 ms. Found 16 JPA repository interfaces.
2025-02-17 15:38:40,225 [main] INFO  o.s.b.w.e.tomcat.TomcatWebServer - Tomcat initialized with port 8080 (http)
2025-02-17 15:38:40,242 [main] INFO  o.a.coyote.http11.Http11NioProtocol - Initializing ProtocolHandler ["http-nio-8080"]
2025-02-17 15:38:40,250 [main] INFO  o.a.catalina.core.StandardService - Starting service [Tomcat]
2025-02-17 15:38:40,250 [main] INFO  o.a.catalina.core.StandardEngine - Starting Servlet engine: [Apache Tomcat/10.1.34]
2025-02-17 15:38:40,367 [main] INFO  o.a.c.c.C.[Tomcat].[localhost].[/] - Initializing Spring embedded WebApplicationContext
2025-02-17 15:38:40,367 [main] INFO  o.s.b.w.s.c.ServletWebServerApplicationContext - Root WebApplicationContext: initialization completed in 2468 ms
2025-02-17 15:38:40,615 [main] INFO  com.zaxxer.hikari.HikariDataSource - HikariPool-1 - Starting...
2025-02-17 15:38:41,202 [main] INFO  com.zaxxer.hikari.pool.HikariPool - HikariPool-1 - Added connection com.mysql.cj.jdbc.ConnectionImpl@7dbae40
2025-02-17 15:38:41,210 [main] INFO  com.zaxxer.hikari.HikariDataSource - HikariPool-1 - Start completed.
2025-02-17 15:38:42,871 [main] INFO  liquibase.changelog - Reading from `java-real-practice-insurance`.databasechangelog
2025-02-17 15:38:43,047 [main] INFO  liquibase.changelog - Reading from `java-real-practice-insurance`.databasechangelog
2025-02-17 15:38:43,071 [main] INFO  liquibase.util - UPDATE SUMMARY
2025-02-17 15:38:43,071 [main] INFO  liquibase.util - Run:                          0
2025-02-17 15:38:43,071 [main] INFO  liquibase.util - Previously run:              44
2025-02-17 15:38:43,071 [main] INFO  liquibase.util - Filtered out:                 0
2025-02-17 15:38:43,071 [main] INFO  liquibase.util - -------------------------------
2025-02-17 15:38:43,071 [main] INFO  liquibase.util - Total change sets:           44
2025-02-17 15:38:43,071 [main] INFO  liquibase.util - Update summary generated
2025-02-17 15:38:43,104 [main] INFO  liquibase.lockservice - Successfully released change log lock
2025-02-17 15:38:43,104 [main] INFO  liquibase.command - Command execution complete
2025-02-17 15:38:43,247 [main] INFO  o.h.jpa.internal.util.LogHelper - HHH000204: Processing PersistenceUnitInfo [name: default]
2025-02-17 15:38:43,338 [main] INFO  org.hibernate.Version - HHH000412: Hibernate ORM core version 6.3.1.Final
2025-02-17 15:38:43,398 [main] INFO  o.h.c.i.RegionFactoryInitiator - HHH000026: Second-level cache disabled
2025-02-17 15:38:43,732 [main] INFO  o.s.o.j.p.SpringPersistenceUnitInfo - No LoadTimeWeaver setup: ignoring JPA class transformer
2025-02-17 15:38:43,781 [main] WARN  org.hibernate.orm.deprecation - HHH90000025: MySQL8Dialect does not need to be specified explicitly using 'hibernate.dialect' (remove the property setting and it will be selected by default)
2025-02-17 15:38:43,789 [main] WARN  org.hibernate.orm.deprecation - HHH90000026: MySQL8Dialect has been deprecated; use org.hibernate.dialect.MySQLDialect instead
2025-02-17 15:38:45,208 [main] INFO  o.h.e.t.j.p.i.JtaPlatformInitiator - HHH000489: No JTA platform available (set 'hibernate.transaction.jta.platform' to enable JTA platform integration)
2025-02-17 15:38:45,267 [main] INFO  o.s.o.j.LocalContainerEntityManagerFactoryBean - Initialized JPA EntityManagerFactory for persistence unit 'default'
2025-02-17 15:38:45,778 [main] INFO  o.s.d.j.r.query.QueryEnhancerFactory - Hibernate is in classpath; If applicable, HQL parser will be used.
2025-02-17 15:38:46,642 [main] WARN  o.s.b.w.s.c.AnnotationConfigServletWebServerApplicationContext - Exception encountered during context initialization - cancelling refresh attempt: org.springframework.beans.factory.UnsatisfiedDependencyException: Error creating bean with name 'travelInsuranceWebControllerV2': Unsatisfied dependency expressed through field 'service': Error creating bean with name 'travelCalculatePremiumServiceImpl': Unsatisfied dependency expressed through field 'queueSender': No qualifying bean of type 'com.example.insurance_calculator.core.messagebroker.ProposalGeneratorQueueSender' available: expected at least 1 bean which qualifies as autowire candidate. Dependency annotations: {@org.springframework.beans.factory.annotation.Autowired(required=true)}
2025-02-17 15:38:46,642 [main] INFO  o.s.o.j.LocalContainerEntityManagerFactoryBean - Closing JPA EntityManagerFactory for persistence unit 'default'
2025-02-17 15:38:46,650 [main] INFO  com.zaxxer.hikari.HikariDataSource - HikariPool-1 - Shutdown initiated...
2025-02-17 15:38:46,658 [main] INFO  com.zaxxer.hikari.HikariDataSource - HikariPool-1 - Shutdown completed.
2025-02-17 15:38:46,666 [main] INFO  o.a.catalina.core.StandardService - Stopping service [Tomcat]
2025-02-17 15:38:46,683 [main] INFO  o.s.b.a.l.ConditionEvaluationReportLogger - 

Error starting ApplicationContext. To display the condition evaluation report re-run your application with 'debug' enabled.
2025-02-17 15:38:46,735 [main] ERROR o.s.b.d.LoggingFailureAnalysisReporter - 

***************************
APPLICATION FAILED TO START
***************************

Description:

Field queueSender in com.example.insurance_calculator.core.services.calculate.TravelCalculatePremiumServiceImpl required a bean of type 'com.example.insurance_calculator.core.messagebroker.ProposalGeneratorQueueSender' that could not be found.

The injection point has the following annotations:
	- @org.springframework.beans.factory.annotation.Autowired(required=true)


Action:

Consider defining a bean of type 'com.example.insurance_calculator.core.messagebroker.ProposalGeneratorQueueSender' in your configuration.

2025-02-17 15:44:38,894 [background-preinit] INFO  o.h.validator.internal.util.Version - HV000001: Hibernate Validator 8.0.0.Final
2025-02-17 15:44:39,004 [main] INFO  c.e.i.InsuranceCalculatorApplication - Starting InsuranceCalculatorApplication using Java 21.0.5 with PID 2872 (D:\Leva\Program\repos\Insurance_Calculator\build\classes\java\main started by User in D:\Leva\Program\repos\Insurance_Calculator)
2025-02-17 15:44:39,004 [main] INFO  c.e.i.InsuranceCalculatorApplication - The following 1 profile is active: "local"
2025-02-17 15:44:40,520 [main] INFO  o.s.d.r.c.RepositoryConfigurationDelegate - Bootstrapping Spring Data JPA repositories in DEFAULT mode.
2025-02-17 15:44:40,755 [main] INFO  o.s.d.r.c.RepositoryConfigurationDelegate - Finished Spring Data repository scanning in 206 ms. Found 16 JPA repository interfaces.
2025-02-17 15:44:41,731 [main] INFO  o.s.b.w.e.tomcat.TomcatWebServer - Tomcat initialized with port 8080 (http)
2025-02-17 15:44:41,747 [main] INFO  o.a.coyote.http11.Http11NioProtocol - Initializing ProtocolHandler ["http-nio-8080"]
2025-02-17 15:44:41,755 [main] INFO  o.a.catalina.core.StandardService - Starting service [Tomcat]
2025-02-17 15:44:41,755 [main] INFO  o.a.catalina.core.StandardEngine - Starting Servlet engine: [Apache Tomcat/10.1.34]
2025-02-17 15:44:41,831 [main] INFO  o.a.c.c.C.[Tomcat].[localhost].[/] - Initializing Spring embedded WebApplicationContext
2025-02-17 15:44:41,831 [main] INFO  o.s.b.w.s.c.ServletWebServerApplicationContext - Root WebApplicationContext: initialization completed in 2749 ms
2025-02-17 15:44:42,088 [main] INFO  com.zaxxer.hikari.HikariDataSource - HikariPool-1 - Starting...
2025-02-17 15:44:42,697 [main] INFO  com.zaxxer.hikari.pool.HikariPool - HikariPool-1 - Added connection com.mysql.cj.jdbc.ConnectionImpl@7911cc15
2025-02-17 15:44:42,697 [main] INFO  com.zaxxer.hikari.HikariDataSource - HikariPool-1 - Start completed.
2025-02-17 15:44:44,406 [main] INFO  liquibase.changelog - Reading from `java-real-practice-insurance`.databasechangelog
2025-02-17 15:44:44,544 [main] INFO  liquibase.changelog - Reading from `java-real-practice-insurance`.databasechangelog
2025-02-17 15:44:44,571 [main] INFO  liquibase.util - UPDATE SUMMARY
2025-02-17 15:44:44,571 [main] INFO  liquibase.util - Run:                          0
2025-02-17 15:44:44,571 [main] INFO  liquibase.util - Previously run:              44
2025-02-17 15:44:44,571 [main] INFO  liquibase.util - Filtered out:                 0
2025-02-17 15:44:44,571 [main] INFO  liquibase.util - -------------------------------
2025-02-17 15:44:44,571 [main] INFO  liquibase.util - Total change sets:           44
2025-02-17 15:44:44,571 [main] INFO  liquibase.util - Update summary generated
2025-02-17 15:44:44,604 [main] INFO  liquibase.lockservice - Successfully released change log lock
2025-02-17 15:44:44,612 [main] INFO  liquibase.command - Command execution complete
2025-02-17 15:44:44,768 [main] INFO  o.h.jpa.internal.util.LogHelper - HHH000204: Processing PersistenceUnitInfo [name: default]
2025-02-17 15:44:44,901 [main] INFO  org.hibernate.Version - HHH000412: Hibernate ORM core version 6.3.1.Final
2025-02-17 15:44:44,969 [main] INFO  o.h.c.i.RegionFactoryInitiator - HHH000026: Second-level cache disabled
2025-02-17 15:44:45,310 [main] INFO  o.s.o.j.p.SpringPersistenceUnitInfo - No LoadTimeWeaver setup: ignoring JPA class transformer
2025-02-17 15:44:45,402 [main] WARN  org.hibernate.orm.deprecation - HHH90000025: MySQL8Dialect does not need to be specified explicitly using 'hibernate.dialect' (remove the property setting and it will be selected by default)
2025-02-17 15:44:45,402 [main] WARN  org.hibernate.orm.deprecation - HHH90000026: MySQL8Dialect has been deprecated; use org.hibernate.dialect.MySQLDialect instead
2025-02-17 15:44:46,808 [main] INFO  o.h.e.t.j.p.i.JtaPlatformInitiator - HHH000489: No JTA platform available (set 'hibernate.transaction.jta.platform' to enable JTA platform integration)
2025-02-17 15:44:46,860 [main] INFO  o.s.o.j.LocalContainerEntityManagerFactoryBean - Initialized JPA EntityManagerFactory for persistence unit 'default'
2025-02-17 15:44:47,444 [main] INFO  o.s.d.j.r.query.QueryEnhancerFactory - Hibernate is in classpath; If applicable, HQL parser will be used.
2025-02-17 15:44:48,480 [background-preinit] INFO  o.h.validator.internal.util.Version - HV000001: Hibernate Validator 8.0.0.Final
2025-02-17 15:44:48,587 [main] INFO  c.e.i.InsuranceCalculatorApplication - Starting InsuranceCalculatorApplication using Java 21.0.5 with PID 24540 (D:\Leva\Program\repos\Insurance_Calculator\build\classes\java\main started by User in D:\Leva\Program\repos\Insurance_Calculator)
2025-02-17 15:44:48,587 [main] INFO  c.e.i.InsuranceCalculatorApplication - The following 1 profile is active: "local"
2025-02-17 15:44:48,637 [main] WARN  o.s.b.a.o.j.JpaBaseConfiguration$JpaWebConfiguration - spring.jpa.open-in-view is enabled by default. Therefore, database queries may be performed during view rendering. Explicitly configure spring.jpa.open-in-view to disable this warning
2025-02-17 15:44:49,136 [main] INFO  o.s.b.a.h.H2ConsoleAutoConfiguration - H2 console available at '/h2-console'. Database available at 'jdbc:mysql://localhost:3306/java-real-practice-insurance?serverTimezone=Europe/Minsk'
2025-02-17 15:44:49,257 [main] INFO  o.a.coyote.http11.Http11NioProtocol - Starting ProtocolHandler ["http-nio-8080"]
2025-02-17 15:44:49,296 [main] INFO  o.s.b.w.e.tomcat.TomcatWebServer - Tomcat started on port 8080 (http) with context path '/'
2025-02-17 15:44:49,312 [main] INFO  c.e.i.InsuranceCalculatorApplication - Started InsuranceCalculatorApplication in 10.923 seconds (process running for 11.845)
2025-02-17 15:44:49,870 [main] INFO  o.s.d.r.c.RepositoryConfigurationDelegate - Bootstrapping Spring Data JPA repositories in DEFAULT mode.
2025-02-17 15:44:50,063 [main] INFO  o.s.d.r.c.RepositoryConfigurationDelegate - Finished Spring Data repository scanning in 174 ms. Found 16 JPA repository interfaces.
2025-02-17 15:44:51,005 [main] INFO  o.s.b.w.e.tomcat.TomcatWebServer - Tomcat initialized with port 8080 (http)
2025-02-17 15:44:51,021 [main] INFO  o.a.coyote.http11.Http11NioProtocol - Initializing ProtocolHandler ["http-nio-8080"]
2025-02-17 15:44:51,030 [main] INFO  o.a.catalina.core.StandardService - Starting service [Tomcat]
2025-02-17 15:44:51,030 [main] INFO  o.a.catalina.core.StandardEngine - Starting Servlet engine: [Apache Tomcat/10.1.34]
2025-02-17 15:44:51,155 [main] INFO  o.a.c.c.C.[Tomcat].[localhost].[/] - Initializing Spring embedded WebApplicationContext
2025-02-17 15:44:51,155 [main] INFO  o.s.b.w.s.c.ServletWebServerApplicationContext - Root WebApplicationContext: initialization completed in 2493 ms
2025-02-17 15:44:51,417 [main] INFO  com.zaxxer.hikari.HikariDataSource - HikariPool-1 - Starting...
2025-02-17 15:44:51,862 [main] INFO  com.zaxxer.hikari.pool.HikariPool - HikariPool-1 - Added connection com.mysql.cj.jdbc.ConnectionImpl@16e1219f
2025-02-17 15:44:51,870 [main] INFO  com.zaxxer.hikari.HikariDataSource - HikariPool-1 - Start completed.
2025-02-17 15:44:53,400 [main] INFO  liquibase.changelog - Reading from `java-real-practice-insurance`.databasechangelog
2025-02-17 15:44:53,529 [main] INFO  liquibase.changelog - Reading from `java-real-practice-insurance`.databasechangelog
2025-02-17 15:44:53,545 [main] INFO  liquibase.util - UPDATE SUMMARY
2025-02-17 15:44:53,545 [main] INFO  liquibase.util - Run:                          0
2025-02-17 15:44:53,545 [main] INFO  liquibase.util - Previously run:              44
2025-02-17 15:44:53,545 [main] INFO  liquibase.util - Filtered out:                 0
2025-02-17 15:44:53,545 [main] INFO  liquibase.util - -------------------------------
2025-02-17 15:44:53,545 [main] INFO  liquibase.util - Total change sets:           44
2025-02-17 15:44:53,545 [main] INFO  liquibase.util - Update summary generated
2025-02-17 15:44:53,570 [main] INFO  liquibase.lockservice - Successfully released change log lock
2025-02-17 15:44:53,578 [main] INFO  liquibase.command - Command execution complete
2025-02-17 15:44:53,684 [main] INFO  o.h.jpa.internal.util.LogHelper - HHH000204: Processing PersistenceUnitInfo [name: default]
2025-02-17 15:44:53,747 [main] INFO  org.hibernate.Version - HHH000412: Hibernate ORM core version 6.3.1.Final
2025-02-17 15:44:53,798 [main] INFO  o.h.c.i.RegionFactoryInitiator - HHH000026: Second-level cache disabled
2025-02-17 15:44:54,059 [main] INFO  o.s.o.j.p.SpringPersistenceUnitInfo - No LoadTimeWeaver setup: ignoring JPA class transformer
2025-02-17 15:44:54,103 [main] WARN  org.hibernate.orm.deprecation - HHH90000025: MySQL8Dialect does not need to be specified explicitly using 'hibernate.dialect' (remove the property setting and it will be selected by default)
2025-02-17 15:44:54,103 [main] WARN  org.hibernate.orm.deprecation - HHH90000026: MySQL8Dialect has been deprecated; use org.hibernate.dialect.MySQLDialect instead
2025-02-17 15:44:55,331 [main] INFO  o.h.e.t.j.p.i.JtaPlatformInitiator - HHH000489: No JTA platform available (set 'hibernate.transaction.jta.platform' to enable JTA platform integration)
2025-02-17 15:44:55,380 [main] INFO  o.s.o.j.LocalContainerEntityManagerFactoryBean - Initialized JPA EntityManagerFactory for persistence unit 'default'
2025-02-17 15:44:55,870 [main] INFO  o.s.d.j.r.query.QueryEnhancerFactory - Hibernate is in classpath; If applicable, HQL parser will be used.
2025-02-17 15:44:56,852 [main] WARN  o.s.b.a.o.j.JpaBaseConfiguration$JpaWebConfiguration - spring.jpa.open-in-view is enabled by default. Therefore, database queries may be performed during view rendering. Explicitly configure spring.jpa.open-in-view to disable this warning
2025-02-17 15:44:57,307 [main] INFO  o.s.b.a.h.H2ConsoleAutoConfiguration - H2 console available at '/h2-console'. Database available at 'jdbc:mysql://localhost:3306/java-real-practice-insurance?serverTimezone=Europe/Minsk'
2025-02-17 15:44:57,391 [main] INFO  o.a.coyote.http11.Http11NioProtocol - Starting ProtocolHandler ["http-nio-8080"]
2025-02-17 15:44:57,414 [main] WARN  o.s.b.w.s.c.AnnotationConfigServletWebServerApplicationContext - Exception encountered during context initialization - cancelling refresh attempt: org.springframework.context.ApplicationContextException: Failed to start bean 'webServerStartStop'
2025-02-17 15:44:57,422 [main] INFO  o.s.o.j.LocalContainerEntityManagerFactoryBean - Closing JPA EntityManagerFactory for persistence unit 'default'
2025-02-17 15:44:57,423 [main] INFO  com.zaxxer.hikari.HikariDataSource - HikariPool-1 - Shutdown initiated...
2025-02-17 15:44:57,440 [main] INFO  com.zaxxer.hikari.HikariDataSource - HikariPool-1 - Shutdown completed.
2025-02-17 15:44:57,456 [main] INFO  o.s.b.a.l.ConditionEvaluationReportLogger - 

Error starting ApplicationContext. To display the condition evaluation report re-run your application with 'debug' enabled.
2025-02-17 15:44:57,483 [main] ERROR o.s.b.d.LoggingFailureAnalysisReporter - 

***************************
APPLICATION FAILED TO START
***************************

Description:

Web server failed to start. Port 8080 was already in use.

Action:

Identify and stop the process that's listening on port 8080 or configure this application to listen on another port.

2025-02-17 15:45:39,424 [background-preinit] INFO  o.h.validator.internal.util.Version - HV000001: Hibernate Validator 8.0.0.Final
2025-02-17 15:45:39,503 [main] INFO  c.e.i.InsuranceCalculatorApplication - Starting InsuranceCalculatorApplication using Java 21.0.5 with PID 5028 (D:\Leva\Program\repos\Insurance_Calculator\build\classes\java\main started by User in D:\Leva\Program\repos\Insurance_Calculator)
2025-02-17 15:45:39,503 [main] INFO  c.e.i.InsuranceCalculatorApplication - The following 1 profile is active: "local"
2025-02-17 15:45:40,752 [main] INFO  o.s.d.r.c.RepositoryConfigurationDelegate - Bootstrapping Spring Data JPA repositories in DEFAULT mode.
2025-02-17 15:45:40,944 [main] INFO  o.s.d.r.c.RepositoryConfigurationDelegate - Finished Spring Data repository scanning in 179 ms. Found 16 JPA repository interfaces.
2025-02-17 15:45:41,778 [main] INFO  o.s.b.w.e.tomcat.TomcatWebServer - Tomcat initialized with port 8080 (http)
2025-02-17 15:45:41,794 [main] INFO  o.a.coyote.http11.Http11NioProtocol - Initializing ProtocolHandler ["http-nio-8080"]
2025-02-17 15:45:41,794 [main] INFO  o.a.catalina.core.StandardService - Starting service [Tomcat]
2025-02-17 15:45:41,794 [main] INFO  o.a.catalina.core.StandardEngine - Starting Servlet engine: [Apache Tomcat/10.1.34]
2025-02-17 15:45:41,873 [main] INFO  o.a.c.c.C.[Tomcat].[localhost].[/] - Initializing Spring embedded WebApplicationContext
2025-02-17 15:45:41,873 [main] INFO  o.s.b.w.s.c.ServletWebServerApplicationContext - Root WebApplicationContext: initialization completed in 2306 ms
2025-02-17 15:45:42,086 [main] INFO  com.zaxxer.hikari.HikariDataSource - HikariPool-1 - Starting...
2025-02-17 15:45:42,519 [main] INFO  com.zaxxer.hikari.pool.HikariPool - HikariPool-1 - Added connection com.mysql.cj.jdbc.ConnectionImpl@1ecf0ac6
2025-02-17 15:45:42,519 [main] INFO  com.zaxxer.hikari.HikariDataSource - HikariPool-1 - Start completed.
2025-02-17 15:45:43,990 [main] INFO  liquibase.changelog - Reading from `java-real-practice-insurance`.databasechangelog
2025-02-17 15:45:44,120 [main] INFO  liquibase.changelog - Reading from `java-real-practice-insurance`.databasechangelog
2025-02-17 15:45:44,136 [main] INFO  liquibase.util - UPDATE SUMMARY
2025-02-17 15:45:44,136 [main] INFO  liquibase.util - Run:                          0
2025-02-17 15:45:44,136 [main] INFO  liquibase.util - Previously run:              44
2025-02-17 15:45:44,136 [main] INFO  liquibase.util - Filtered out:                 0
2025-02-17 15:45:44,136 [main] INFO  liquibase.util - -------------------------------
2025-02-17 15:45:44,136 [main] INFO  liquibase.util - Total change sets:           44
2025-02-17 15:45:44,136 [main] INFO  liquibase.util - Update summary generated
2025-02-17 15:45:44,162 [main] INFO  liquibase.lockservice - Successfully released change log lock
2025-02-17 15:45:44,171 [main] INFO  liquibase.command - Command execution complete
2025-02-17 15:45:44,286 [main] INFO  o.h.jpa.internal.util.LogHelper - HHH000204: Processing PersistenceUnitInfo [name: default]
2025-02-17 15:45:44,344 [main] INFO  org.hibernate.Version - HHH000412: Hibernate ORM core version 6.3.1.Final
2025-02-17 15:45:44,389 [main] INFO  o.h.c.i.RegionFactoryInitiator - HHH000026: Second-level cache disabled
2025-02-17 15:45:44,640 [main] INFO  o.s.o.j.p.SpringPersistenceUnitInfo - No LoadTimeWeaver setup: ignoring JPA class transformer
2025-02-17 15:45:44,688 [main] WARN  org.hibernate.orm.deprecation - HHH90000025: MySQL8Dialect does not need to be specified explicitly using 'hibernate.dialect' (remove the property setting and it will be selected by default)
2025-02-17 15:45:44,688 [main] WARN  org.hibernate.orm.deprecation - HHH90000026: MySQL8Dialect has been deprecated; use org.hibernate.dialect.MySQLDialect instead
2025-02-17 15:45:45,899 [main] INFO  o.h.e.t.j.p.i.JtaPlatformInitiator - HHH000489: No JTA platform available (set 'hibernate.transaction.jta.platform' to enable JTA platform integration)
2025-02-17 15:45:45,945 [main] INFO  o.s.o.j.LocalContainerEntityManagerFactoryBean - Initialized JPA EntityManagerFactory for persistence unit 'default'
2025-02-17 15:45:46,430 [main] INFO  o.s.d.j.r.query.QueryEnhancerFactory - Hibernate is in classpath; If applicable, HQL parser will be used.
2025-02-17 15:45:47,452 [main] WARN  o.s.b.a.o.j.JpaBaseConfiguration$JpaWebConfiguration - spring.jpa.open-in-view is enabled by default. Therefore, database queries may be performed during view rendering. Explicitly configure spring.jpa.open-in-view to disable this warning
2025-02-17 15:45:47,928 [main] INFO  o.s.b.a.h.H2ConsoleAutoConfiguration - H2 console available at '/h2-console'. Database available at 'jdbc:mysql://localhost:3306/java-real-practice-insurance?serverTimezone=Europe/Minsk'
2025-02-17 15:45:48,019 [main] INFO  o.a.coyote.http11.Http11NioProtocol - Starting ProtocolHandler ["http-nio-8080"]
2025-02-17 15:45:48,060 [main] INFO  o.s.b.w.e.tomcat.TomcatWebServer - Tomcat started on port 8080 (http) with context path '/'
2025-02-17 15:45:48,069 [main] INFO  c.e.i.InsuranceCalculatorApplication - Started InsuranceCalculatorApplication in 9.116 seconds (process running for 9.903)
2025-02-17 15:46:00,725 [http-nio-8080-exec-2] INFO  o.a.c.c.C.[Tomcat].[localhost].[/] - Initializing Spring DispatcherServlet 'dispatcherServlet'
2025-02-17 15:46:00,725 [http-nio-8080-exec-2] INFO  o.s.web.servlet.DispatcherServlet - Initializing Servlet 'dispatcherServlet'
2025-02-17 15:46:00,725 [http-nio-8080-exec-2] INFO  o.s.web.servlet.DispatcherServlet - Completed initialization in 0 ms
2025-02-17 15:46:01,926 [http-nio-8080-exec-2] INFO  c.e.i.c.m.ProposalGeneratorQueueSenderMockImpl - Mock Generator Queue Sender log. Agreement - {"agreementDateFrom":"2025-05-25","agreementDateTo":"2025-05-29","uuid":"ea1d0d9f-7817-417d-955a-8ab9290b9f90","country":"SPAIN","agreementPremium":20.00,"cost":6.00,"selected_risks":["TRAVEL_MEDICAL"],"persons":[{"personFirstName":"Vasja","personLastName":"Pupkin","personIc":"67cc0572-7a4e-4a76-bad3-3fd15f12eeef","medicalRiskLimitLevel":"LEVEL_10000","personBirthDate":"2000-05-29","personPremium":10.00,"selected_risks":[{"riskIc":"TRAVEL_MEDICAL","premium":10.00}],"medical_status":null},{"personFirstName":"Petja","personLastName":"Pupkin","personIc":"d3a7f8da-aced-4667-8fbf-a1880c63ede5","medicalRiskLimitLevel":"LEVEL_10000","personBirthDate":"1950-03-01","personPremium":10.00,"selected_risks":[{"riskIc":"TRAVEL_MEDICAL","premium":10.00}],"medical_status":null}]}
2025-02-17 15:46:01,942 [http-nio-8080-exec-2] INFO  c.e.i.c.r.c.TravelCalculatePremiumRequestExecutionTimeLogger - Request processing time (ms): 671
